<?xml version="1.0" encoding="UTF-8"?>
<testsuites>
  <testsuite name="" tests="28" assertions="60" errors="0" warnings="0" failures="0" skipped="0" time="0.040864">
    <testsuite name="Project Test Suite" tests="28" assertions="60" errors="0" warnings="0" failures="0" skipped="0" time="0.040864">
      <testsuite name="App\Tests\Card\CardGraphicTest" file="/Users/henokberhane/dbwebb-kurser/mvc/me/report/tests/Card/CardGraphicTest.php" tests="4" assertions="7" errors="0" warnings="0" failures="0" skipped="0" time="0.010953">
        <testcase name="testCreateCardGraphic" class="App\Tests\Card\CardGraphicTest" classname="App.Tests.Card.CardGraphicTest" file="/Users/henokberhane/dbwebb-kurser/mvc/me/report/tests/Card/CardGraphicTest.php" line="16" assertions="3" time="0.009740"/>
        <testcase name="testGetClass" class="App\Tests\Card\CardGraphicTest" classname="App.Tests.Card.CardGraphicTest" file="/Users/henokberhane/dbwebb-kurser/mvc/me/report/tests/Card/CardGraphicTest.php" line="28" assertions="2" time="0.000459"/>
        <testcase name="testGetGraphic" class="App\Tests\Card\CardGraphicTest" classname="App.Tests.Card.CardGraphicTest" file="/Users/henokberhane/dbwebb-kurser/mvc/me/report/tests/Card/CardGraphicTest.php" line="40" assertions="1" time="0.000388"/>
        <testcase name="testToString" class="App\Tests\Card\CardGraphicTest" classname="App.Tests.Card.CardGraphicTest" file="/Users/henokberhane/dbwebb-kurser/mvc/me/report/tests/Card/CardGraphicTest.php" line="49" assertions="1" time="0.000365"/>
      </testsuite>
      <testsuite name="App\Tests\Card\CardHandTest" file="/Users/henokberhane/dbwebb-kurser/mvc/me/report/tests/Card/CardHandTest.php" tests="6" assertions="6" errors="0" warnings="0" failures="0" skipped="0" time="0.003408">
        <testcase name="testAddCard" class="App\Tests\Card\CardHandTest" classname="App.Tests.Card.CardHandTest" file="/Users/henokberhane/dbwebb-kurser/mvc/me/report/tests/Card/CardHandTest.php" line="11" assertions="1" time="0.000988"/>
        <testcase name="testGetNumberOfCards" class="App\Tests\Card\CardHandTest" classname="App.Tests.Card.CardHandTest" file="/Users/henokberhane/dbwebb-kurser/mvc/me/report/tests/Card/CardHandTest.php" line="19" assertions="1" time="0.000421"/>
        <testcase name="testToString" class="App\Tests\Card\CardHandTest" classname="App.Tests.Card.CardHandTest" file="/Users/henokberhane/dbwebb-kurser/mvc/me/report/tests/Card/CardHandTest.php" line="28" assertions="1" time="0.000923"/>
        <testcase name="testGetSumWithAcesNotElevated" class="App\Tests\Card\CardHandTest" classname="App.Tests.Card.CardHandTest" file="/Users/henokberhane/dbwebb-kurser/mvc/me/report/tests/Card/CardHandTest.php" line="36" assertions="1" time="0.000389"/>
        <testcase name="testGetSumWithNumbers" class="App\Tests\Card\CardHandTest" classname="App.Tests.Card.CardHandTest" file="/Users/henokberhane/dbwebb-kurser/mvc/me/report/tests/Card/CardHandTest.php" line="46" assertions="1" time="0.000340"/>
        <testcase name="testGetSumWithAce" class="App\Tests\Card\CardHandTest" classname="App.Tests.Card.CardHandTest" file="/Users/henokberhane/dbwebb-kurser/mvc/me/report/tests/Card/CardHandTest.php" line="55" assertions="1" time="0.000347"/>
      </testsuite>
      <testsuite name="App\Tests\Card\CardTest" file="/Users/henokberhane/dbwebb-kurser/mvc/me/report/tests/Card/CardTest.php" tests="2" assertions="4" errors="0" warnings="0" failures="0" skipped="0" time="0.000639">
        <testcase name="testCreateCardAndGetters" class="App\Tests\Card\CardTest" classname="App.Tests.Card.CardTest" file="/Users/henokberhane/dbwebb-kurser/mvc/me/report/tests/Card/CardTest.php" line="10" assertions="3" time="0.000333"/>
        <testcase name="testGetAsString" class="App\Tests\Card\CardTest" classname="App.Tests.Card.CardTest" file="/Users/henokberhane/dbwebb-kurser/mvc/me/report/tests/Card/CardTest.php" line="18" assertions="1" time="0.000306"/>
      </testsuite>
      <testsuite name="App\Tests\Card\DeckOfCardsTest" file="/Users/henokberhane/dbwebb-kurser/mvc/me/report/tests/Card/DeckOfCardsTest.php" tests="7" assertions="18" errors="0" warnings="0" failures="0" skipped="0" time="0.016986">
        <testcase name="testCreateDeckOfCardsWithoutGraphics" class="App\Tests\Card\DeckOfCardsTest" classname="App.Tests.Card.DeckOfCardsTest" file="/Users/henokberhane/dbwebb-kurser/mvc/me/report/tests/Card/DeckOfCardsTest.php" line="12" assertions="2" time="0.001935"/>
        <testcase name="testCreateDeckOfCardsWithGraphics" class="App\Tests\Card\DeckOfCardsTest" classname="App.Tests.Card.DeckOfCardsTest" file="/Users/henokberhane/dbwebb-kurser/mvc/me/report/tests/Card/DeckOfCardsTest.php" line="20" assertions="2" time="0.000694"/>
        <testcase name="testShuffle" class="App\Tests\Card\DeckOfCardsTest" classname="App.Tests.Card.DeckOfCardsTest" file="/Users/henokberhane/dbwebb-kurser/mvc/me/report/tests/Card/DeckOfCardsTest.php" line="28" assertions="1" time="0.008258"/>
        <testcase name="testSort" class="App\Tests\Card\DeckOfCardsTest" classname="App.Tests.Card.DeckOfCardsTest" file="/Users/henokberhane/dbwebb-kurser/mvc/me/report/tests/Card/DeckOfCardsTest.php" line="39" assertions="4" time="0.003669"/>
        <testcase name="testDrawCards" class="App\Tests\Card\DeckOfCardsTest" classname="App.Tests.Card.DeckOfCardsTest" file="/Users/henokberhane/dbwebb-kurser/mvc/me/report/tests/Card/DeckOfCardsTest.php" line="52" assertions="3" time="0.000524"/>
        <testcase name="testDrawMoreCardsThanAvailable" class="App\Tests\Card\DeckOfCardsTest" classname="App.Tests.Card.DeckOfCardsTest" file="/Users/henokberhane/dbwebb-kurser/mvc/me/report/tests/Card/DeckOfCardsTest.php" line="62" assertions="3" time="0.001214"/>
        <testcase name="testCardsLeft" class="App\Tests\Card\DeckOfCardsTest" classname="App.Tests.Card.DeckOfCardsTest" file="/Users/henokberhane/dbwebb-kurser/mvc/me/report/tests/Card/DeckOfCardsTest.php" line="74" assertions="3" time="0.000692"/>
      </testsuite>
      <testsuite name="App\Tests\Dice\DiceGraphicTest" file="/Users/henokberhane/dbwebb-kurser/mvc/me/report/tests/Dice/DiceGraphicTest.php" tests="2" assertions="5" errors="0" warnings="0" failures="0" skipped="0" time="0.003965">
        <testcase name="testRollReturnsValueBetween1And6" class="App\Tests\Dice\DiceGraphicTest" classname="App.Tests.Dice.DiceGraphicTest" file="/Users/henokberhane/dbwebb-kurser/mvc/me/report/tests/Dice/DiceGraphicTest.php" line="10" assertions="4" time="0.002646"/>
        <testcase name="testGetAsStringReturnsCorrectSymbolAfterRoll" class="App\Tests\Dice\DiceGraphicTest" classname="App.Tests.Dice.DiceGraphicTest" file="/Users/henokberhane/dbwebb-kurser/mvc/me/report/tests/Dice/DiceGraphicTest.php" line="19" assertions="1" time="0.001319"/>
      </testsuite>
      <testsuite name="App\Tests\Dice\DiceHandTest" file="/Users/henokberhane/dbwebb-kurser/mvc/me/report/tests/Dice/DiceHandTest.php" tests="3" assertions="12" errors="0" warnings="0" failures="0" skipped="0" time="0.002168">
        <testcase name="testAddDiceIncreasesHandSize" class="App\Tests\Dice\DiceHandTest" classname="App.Tests.Dice.DiceHandTest" file="/Users/henokberhane/dbwebb-kurser/mvc/me/report/tests/Dice/DiceHandTest.php" line="12" assertions="3" time="0.000996"/>
        <testcase name="testRollChangesValues" class="App\Tests\Dice\DiceHandTest" classname="App.Tests.Dice.DiceHandTest" file="/Users/henokberhane/dbwebb-kurser/mvc/me/report/tests/Dice/DiceHandTest.php" line="24" assertions="8" time="0.000639"/>
        <testcase name="testGetValuesReturnsCorrectCount" class="App\Tests\Dice\DiceHandTest" classname="App.Tests.Dice.DiceHandTest" file="/Users/henokberhane/dbwebb-kurser/mvc/me/report/tests/Dice/DiceHandTest.php" line="40" assertions="1" time="0.000533"/>
      </testsuite>
      <testsuite name="App\Tests\Dice\DiceTest" file="/Users/henokberhane/dbwebb-kurser/mvc/me/report/tests/Dice/DiceTest.php" tests="4" assertions="8" errors="0" warnings="0" failures="0" skipped="0" time="0.002745">
        <testcase name="testDiceStartsWithNullValue" class="App\Tests\Dice\DiceTest" classname="App.Tests.Dice.DiceTest" file="/Users/henokberhane/dbwebb-kurser/mvc/me/report/tests/Dice/DiceTest.php" line="10" assertions="1" time="0.000880"/>
        <testcase name="testRollReturnsValueBetween1And6" class="App\Tests\Dice\DiceTest" classname="App.Tests.Dice.DiceTest" file="/Users/henokberhane/dbwebb-kurser/mvc/me/report/tests/Dice/DiceTest.php" line="16" assertions="4" time="0.000516"/>
        <testcase name="testGetValueAfterRoll" class="App\Tests\Dice\DiceTest" classname="App.Tests.Dice.DiceTest" file="/Users/henokberhane/dbwebb-kurser/mvc/me/report/tests/Dice/DiceTest.php" line="24" assertions="1" time="0.000993"/>
        <testcase name="testGetAsStringBeforeAndAfterRoll" class="App\Tests\Dice\DiceTest" classname="App.Tests.Dice.DiceTest" file="/Users/henokberhane/dbwebb-kurser/mvc/me/report/tests/Dice/DiceTest.php" line="31" assertions="2" time="0.000355"/>
      </testsuite>
    </testsuite>
  </testsuite>
</testsuites>
