<?xml version="1.0" encoding="UTF-8"?>
<testsuites>
  <testsuite name="App\Tests\Game\GameProjTest" file="/Users/henokberhane/dbwebb-kurser/mvc/me/report/tests/Proj/GameProjTest.php" tests="11" assertions="19" errors="0" warnings="0" failures="0" skipped="0" time="0.138147">
    <testcase name="testStartGameSetsSessionCorrectly" class="App\Tests\Game\GameProjTest" classname="App.Tests.Game.GameProjTest" file="/Users/henokberhane/dbwebb-kurser/mvc/me/report/tests/Proj/GameProjTest.php" line="13" assertions="1" time="0.102220"/>
    <testcase name="testDrawReturnsMessageIfGameNotStarted" class="App\Tests\Game\GameProjTest" classname="App.Tests.Game.GameProjTest" file="/Users/henokberhane/dbwebb-kurser/mvc/me/report/tests/Proj/GameProjTest.php" line="25" assertions="1" time="0.004970"/>
    <testcase name="testDrawReturnsMessageIfNoCardsLeft" class="App\Tests\Game\GameProjTest" classname="App.Tests.Game.GameProjTest" file="/Users/henokberhane/dbwebb-kurser/mvc/me/report/tests/Proj/GameProjTest.php" line="43" assertions="2" time="0.004329"/>
    <testcase name="testDrawBustsHandAndAdvancesHandAndTriggersBankPlay" class="App\Tests\Game\GameProjTest" classname="App.Tests.Game.GameProjTest" file="/Users/henokberhane/dbwebb-kurser/mvc/me/report/tests/Proj/GameProjTest.php" line="71" assertions="1" time="0.005955"/>
    <testcase name="testDrawReturnsEmptyStringIfNoBust" class="App\Tests\Game\GameProjTest" classname="App.Tests.Game.GameProjTest" file="/Users/henokberhane/dbwebb-kurser/mvc/me/report/tests/Proj/GameProjTest.php" line="103" assertions="1" time="0.001149"/>
    <testcase name="testStayReturnsErrorIfGameNotStarted" class="App\Tests\Game\GameProjTest" classname="App.Tests.Game.GameProjTest" file="/Users/henokberhane/dbwebb-kurser/mvc/me/report/tests/Proj/GameProjTest.php" line="132" assertions="1" time="0.000592"/>
    <testcase name="testStayAdvancesHandAndTriggersBankPlayWhenLastHand" class="App\Tests\Game\GameProjTest" classname="App.Tests.Game.GameProjTest" file="/Users/henokberhane/dbwebb-kurser/mvc/me/report/tests/Proj/GameProjTest.php" line="147" assertions="1" time="0.001205"/>
    <testcase name="testBankPlayStopsAt17OrMore" class="App\Tests\Game\GameProjTest" classname="App.Tests.Game.GameProjTest" file="/Users/henokberhane/dbwebb-kurser/mvc/me/report/tests/Proj/GameProjTest.php" line="174" assertions="5" time="0.013209"/>
    <testcase name="testEvaluateResultsUpdatesScoresAndBalance" class="App\Tests\Game\GameProjTest" classname="App.Tests.Game.GameProjTest" file="/Users/henokberhane/dbwebb-kurser/mvc/me/report/tests/Proj/GameProjTest.php" line="235" assertions="4" time="0.001714"/>
    <testcase name="testBankPlayReturnsIfDeckOrBankIsNull" class="App\Tests\Game\GameProjTest" classname="App.Tests.Game.GameProjTest" file="/Users/henokberhane/dbwebb-kurser/mvc/me/report/tests/Proj/GameProjTest.php" line="266" assertions="1" time="0.001644"/>
    <testcase name="testBankPlayBreaksIfDeckDrawReturnsEmpty" class="App\Tests\Game\GameProjTest" classname="App.Tests.Game.GameProjTest" file="/Users/henokberhane/dbwebb-kurser/mvc/me/report/tests/Proj/GameProjTest.php" line="287" assertions="1" time="0.001161"/>
  </testsuite>
</testsuites>
