<?xml version="1.0" encoding="UTF-8"?>
<testsuites>
  <testsuite name="" tests="29" assertions="66" errors="0" warnings="0" failures="0" skipped="0" time="0.052552">
    <testsuite name="Project Test Suite" tests="29" assertions="66" errors="0" warnings="0" failures="0" skipped="0" time="0.052552">
      <testsuite name="App\Tests\Card\CardGraphicTest" file="/Users/henokberhane/dbwebb-kurser/mvc/me/report/tests/Card/CardGraphicTest.php" tests="4" assertions="7" errors="0" warnings="0" failures="0" skipped="0" time="0.010942">
        <testcase name="testCreateCardGraphic" class="App\Tests\Card\CardGraphicTest" classname="App.Tests.Card.CardGraphicTest" file="/Users/henokberhane/dbwebb-kurser/mvc/me/report/tests/Card/CardGraphicTest.php" line="16" assertions="3" time="0.009460"/>
        <testcase name="testGetClass" class="App\Tests\Card\CardGraphicTest" classname="App.Tests.Card.CardGraphicTest" file="/Users/henokberhane/dbwebb-kurser/mvc/me/report/tests/Card/CardGraphicTest.php" line="28" assertions="2" time="0.000632"/>
        <testcase name="testGetGraphic" class="App\Tests\Card\CardGraphicTest" classname="App.Tests.Card.CardGraphicTest" file="/Users/henokberhane/dbwebb-kurser/mvc/me/report/tests/Card/CardGraphicTest.php" line="40" assertions="1" time="0.000447"/>
        <testcase name="testToString" class="App\Tests\Card\CardGraphicTest" classname="App.Tests.Card.CardGraphicTest" file="/Users/henokberhane/dbwebb-kurser/mvc/me/report/tests/Card/CardGraphicTest.php" line="49" assertions="1" time="0.000402"/>
      </testsuite>
      <testsuite name="App\Tests\Card\CardHandTest" file="/Users/henokberhane/dbwebb-kurser/mvc/me/report/tests/Card/CardHandTest.php" tests="6" assertions="6" errors="0" warnings="0" failures="0" skipped="0" time="0.004495">
        <testcase name="testAddCard" class="App\Tests\Card\CardHandTest" classname="App.Tests.Card.CardHandTest" file="/Users/henokberhane/dbwebb-kurser/mvc/me/report/tests/Card/CardHandTest.php" line="11" assertions="1" time="0.001275"/>
        <testcase name="testGetNumberOfCards" class="App\Tests\Card\CardHandTest" classname="App.Tests.Card.CardHandTest" file="/Users/henokberhane/dbwebb-kurser/mvc/me/report/tests/Card/CardHandTest.php" line="19" assertions="1" time="0.000520"/>
        <testcase name="testToString" class="App\Tests\Card\CardHandTest" classname="App.Tests.Card.CardHandTest" file="/Users/henokberhane/dbwebb-kurser/mvc/me/report/tests/Card/CardHandTest.php" line="28" assertions="1" time="0.001170"/>
        <testcase name="testGetSumWithAcesNotElevated" class="App\Tests\Card\CardHandTest" classname="App.Tests.Card.CardHandTest" file="/Users/henokberhane/dbwebb-kurser/mvc/me/report/tests/Card/CardHandTest.php" line="36" assertions="1" time="0.000501"/>
        <testcase name="testGetSumWithNumbers" class="App\Tests\Card\CardHandTest" classname="App.Tests.Card.CardHandTest" file="/Users/henokberhane/dbwebb-kurser/mvc/me/report/tests/Card/CardHandTest.php" line="46" assertions="1" time="0.000481"/>
        <testcase name="testGetSumWithAce" class="App\Tests\Card\CardHandTest" classname="App.Tests.Card.CardHandTest" file="/Users/henokberhane/dbwebb-kurser/mvc/me/report/tests/Card/CardHandTest.php" line="55" assertions="1" time="0.000549"/>
      </testsuite>
      <testsuite name="App\Tests\Card\CardTest" file="/Users/henokberhane/dbwebb-kurser/mvc/me/report/tests/Card/CardTest.php" tests="2" assertions="4" errors="0" warnings="0" failures="0" skipped="0" time="0.000966">
        <testcase name="testCreateCardAndGetters" class="App\Tests\Card\CardTest" classname="App.Tests.Card.CardTest" file="/Users/henokberhane/dbwebb-kurser/mvc/me/report/tests/Card/CardTest.php" line="10" assertions="3" time="0.000547"/>
        <testcase name="testGetAsString" class="App\Tests\Card\CardTest" classname="App.Tests.Card.CardTest" file="/Users/henokberhane/dbwebb-kurser/mvc/me/report/tests/Card/CardTest.php" line="18" assertions="1" time="0.000419"/>
      </testsuite>
      <testsuite name="App\Tests\Card\DeckOfCardsTest" file="/Users/henokberhane/dbwebb-kurser/mvc/me/report/tests/Card/DeckOfCardsTest.php" tests="7" assertions="18" errors="0" warnings="0" failures="0" skipped="0" time="0.022986">
        <testcase name="testCreateDeckOfCardsWithoutGraphics" class="App\Tests\Card\DeckOfCardsTest" classname="App.Tests.Card.DeckOfCardsTest" file="/Users/henokberhane/dbwebb-kurser/mvc/me/report/tests/Card/DeckOfCardsTest.php" line="12" assertions="2" time="0.002239"/>
        <testcase name="testCreateDeckOfCardsWithGraphics" class="App\Tests\Card\DeckOfCardsTest" classname="App.Tests.Card.DeckOfCardsTest" file="/Users/henokberhane/dbwebb-kurser/mvc/me/report/tests/Card/DeckOfCardsTest.php" line="20" assertions="2" time="0.001061"/>
        <testcase name="testShuffle" class="App\Tests\Card\DeckOfCardsTest" classname="App.Tests.Card.DeckOfCardsTest" file="/Users/henokberhane/dbwebb-kurser/mvc/me/report/tests/Card/DeckOfCardsTest.php" line="28" assertions="1" time="0.010823"/>
        <testcase name="testSort" class="App\Tests\Card\DeckOfCardsTest" classname="App.Tests.Card.DeckOfCardsTest" file="/Users/henokberhane/dbwebb-kurser/mvc/me/report/tests/Card/DeckOfCardsTest.php" line="39" assertions="4" time="0.005623"/>
        <testcase name="testDrawCards" class="App\Tests\Card\DeckOfCardsTest" classname="App.Tests.Card.DeckOfCardsTest" file="/Users/henokberhane/dbwebb-kurser/mvc/me/report/tests/Card/DeckOfCardsTest.php" line="52" assertions="3" time="0.000992"/>
        <testcase name="testDrawMoreCardsThanAvailable" class="App\Tests\Card\DeckOfCardsTest" classname="App.Tests.Card.DeckOfCardsTest" file="/Users/henokberhane/dbwebb-kurser/mvc/me/report/tests/Card/DeckOfCardsTest.php" line="62" assertions="3" time="0.001517"/>
        <testcase name="testCardsLeft" class="App\Tests\Card\DeckOfCardsTest" classname="App.Tests.Card.DeckOfCardsTest" file="/Users/henokberhane/dbwebb-kurser/mvc/me/report/tests/Card/DeckOfCardsTest.php" line="74" assertions="3" time="0.000731"/>
      </testsuite>
      <testsuite name="App\Tests\Dice\DiceGraphicTest" file="/Users/henokberhane/dbwebb-kurser/mvc/me/report/tests/Dice/DiceGraphicTest.php" tests="2" assertions="5" errors="0" warnings="0" failures="0" skipped="0" time="0.005620">
        <testcase name="testRollReturnsValueBetween1And6" class="App\Tests\Dice\DiceGraphicTest" classname="App.Tests.Dice.DiceGraphicTest" file="/Users/henokberhane/dbwebb-kurser/mvc/me/report/tests/Dice/DiceGraphicTest.php" line="10" assertions="4" time="0.003229"/>
        <testcase name="testGetAsStringReturnsCorrectSymbolAfterRoll" class="App\Tests\Dice\DiceGraphicTest" classname="App.Tests.Dice.DiceGraphicTest" file="/Users/henokberhane/dbwebb-kurser/mvc/me/report/tests/Dice/DiceGraphicTest.php" line="19" assertions="1" time="0.002391"/>
      </testsuite>
      <testsuite name="App\Tests\Dice\DiceHandTest" file="/Users/henokberhane/dbwebb-kurser/mvc/me/report/tests/Dice/DiceHandTest.php" tests="4" assertions="18" errors="0" warnings="0" failures="0" skipped="0" time="0.003619">
        <testcase name="testAddDiceIncreasesHandSize" class="App\Tests\Dice\DiceHandTest" classname="App.Tests.Dice.DiceHandTest" file="/Users/henokberhane/dbwebb-kurser/mvc/me/report/tests/Dice/DiceHandTest.php" line="11" assertions="3" time="0.001617"/>
        <testcase name="testRollChangesValues" class="App\Tests\Dice\DiceHandTest" classname="App.Tests.Dice.DiceHandTest" file="/Users/henokberhane/dbwebb-kurser/mvc/me/report/tests/Dice/DiceHandTest.php" line="23" assertions="11" time="0.001056"/>
        <testcase name="testGetValuesReturnsCorrectCount" class="App\Tests\Dice\DiceHandTest" classname="App.Tests.Dice.DiceHandTest" file="/Users/henokberhane/dbwebb-kurser/mvc/me/report/tests/Dice/DiceHandTest.php" line="42" assertions="1" time="0.000481"/>
        <testcase name="testGetStringReturnsStrings" class="App\Tests\Dice\DiceHandTest" classname="App.Tests.Dice.DiceHandTest" file="/Users/henokberhane/dbwebb-kurser/mvc/me/report/tests/Dice/DiceHandTest.php" line="54" assertions="3" time="0.000466"/>
      </testsuite>
      <testsuite name="App\Tests\Dice\DiceTest" file="/Users/henokberhane/dbwebb-kurser/mvc/me/report/tests/Dice/DiceTest.php" tests="4" assertions="8" errors="0" warnings="0" failures="0" skipped="0" time="0.003924">
        <testcase name="testDiceStartsWithNullValue" class="App\Tests\Dice\DiceTest" classname="App.Tests.Dice.DiceTest" file="/Users/henokberhane/dbwebb-kurser/mvc/me/report/tests/Dice/DiceTest.php" line="10" assertions="1" time="0.001215"/>
        <testcase name="testRollReturnsValueBetween1And6" class="App\Tests\Dice\DiceTest" classname="App.Tests.Dice.DiceTest" file="/Users/henokberhane/dbwebb-kurser/mvc/me/report/tests/Dice/DiceTest.php" line="16" assertions="4" time="0.000677"/>
        <testcase name="testGetValueAfterRoll" class="App\Tests\Dice\DiceTest" classname="App.Tests.Dice.DiceTest" file="/Users/henokberhane/dbwebb-kurser/mvc/me/report/tests/Dice/DiceTest.php" line="24" assertions="1" time="0.001538"/>
        <testcase name="testGetAsStringBeforeAndAfterRoll" class="App\Tests\Dice\DiceTest" classname="App.Tests.Dice.DiceTest" file="/Users/henokberhane/dbwebb-kurser/mvc/me/report/tests/Dice/DiceTest.php" line="31" assertions="2" time="0.000494"/>
      </testsuite>
    </testsuite>
  </testsuite>
</testsuites>
