<?xml version="1.0" encoding="UTF-8"?>
<testsuites>
  <testsuite name="" tests="24" assertions="47" errors="0" warnings="0" failures="0" skipped="0" time="0.043690">
    <testsuite name="Project Test Suite" tests="24" assertions="47" errors="0" warnings="0" failures="0" skipped="0" time="0.043690">
      <testsuite name="App\Tests\Card\CardGraphicTest" file="/Users/henokberhane/dbwebb-kurser/mvc/me/report/tests/Card/CardGraphicTest.php" tests="4" assertions="7" errors="0" warnings="0" failures="0" skipped="0" time="0.011521">
        <testcase name="testCreateCardGraphic" class="App\Tests\Card\CardGraphicTest" classname="App.Tests.Card.CardGraphicTest" file="/Users/henokberhane/dbwebb-kurser/mvc/me/report/tests/Card/CardGraphicTest.php" line="16" assertions="3" time="0.009227"/>
        <testcase name="testGetClass" class="App\Tests\Card\CardGraphicTest" classname="App.Tests.Card.CardGraphicTest" file="/Users/henokberhane/dbwebb-kurser/mvc/me/report/tests/Card/CardGraphicTest.php" line="28" assertions="2" time="0.000982"/>
        <testcase name="testGetGraphic" class="App\Tests\Card\CardGraphicTest" classname="App.Tests.Card.CardGraphicTest" file="/Users/henokberhane/dbwebb-kurser/mvc/me/report/tests/Card/CardGraphicTest.php" line="40" assertions="1" time="0.000693"/>
        <testcase name="testToString" class="App\Tests\Card\CardGraphicTest" classname="App.Tests.Card.CardGraphicTest" file="/Users/henokberhane/dbwebb-kurser/mvc/me/report/tests/Card/CardGraphicTest.php" line="49" assertions="1" time="0.000619"/>
      </testsuite>
      <testsuite name="App\Tests\Card\CardHandTest" file="/Users/henokberhane/dbwebb-kurser/mvc/me/report/tests/Card/CardHandTest.php" tests="6" assertions="6" errors="0" warnings="0" failures="0" skipped="0" time="0.005293">
        <testcase name="testAddCard" class="App\Tests\Card\CardHandTest" classname="App.Tests.Card.CardHandTest" file="/Users/henokberhane/dbwebb-kurser/mvc/me/report/tests/Card/CardHandTest.php" line="11" assertions="1" time="0.002180"/>
        <testcase name="testGetNumberOfCards" class="App\Tests\Card\CardHandTest" classname="App.Tests.Card.CardHandTest" file="/Users/henokberhane/dbwebb-kurser/mvc/me/report/tests/Card/CardHandTest.php" line="19" assertions="1" time="0.000531"/>
        <testcase name="testToString" class="App\Tests\Card\CardHandTest" classname="App.Tests.Card.CardHandTest" file="/Users/henokberhane/dbwebb-kurser/mvc/me/report/tests/Card/CardHandTest.php" line="28" assertions="1" time="0.001238"/>
        <testcase name="testGetSumWithAcesNotElevated" class="App\Tests\Card\CardHandTest" classname="App.Tests.Card.CardHandTest" file="/Users/henokberhane/dbwebb-kurser/mvc/me/report/tests/Card/CardHandTest.php" line="36" assertions="1" time="0.000506"/>
        <testcase name="testGetSumWithNumbers" class="App\Tests\Card\CardHandTest" classname="App.Tests.Card.CardHandTest" file="/Users/henokberhane/dbwebb-kurser/mvc/me/report/tests/Card/CardHandTest.php" line="46" assertions="1" time="0.000424"/>
        <testcase name="testGetSumWithAce" class="App\Tests\Card\CardHandTest" classname="App.Tests.Card.CardHandTest" file="/Users/henokberhane/dbwebb-kurser/mvc/me/report/tests/Card/CardHandTest.php" line="55" assertions="1" time="0.000415"/>
      </testsuite>
      <testsuite name="App\Tests\Card\CardTest" file="/Users/henokberhane/dbwebb-kurser/mvc/me/report/tests/Card/CardTest.php" tests="2" assertions="4" errors="0" warnings="0" failures="0" skipped="0" time="0.000778">
        <testcase name="testCreateCardAndGetters" class="App\Tests\Card\CardTest" classname="App.Tests.Card.CardTest" file="/Users/henokberhane/dbwebb-kurser/mvc/me/report/tests/Card/CardTest.php" line="10" assertions="3" time="0.000417"/>
        <testcase name="testGetAsString" class="App\Tests\Card\CardTest" classname="App.Tests.Card.CardTest" file="/Users/henokberhane/dbwebb-kurser/mvc/me/report/tests/Card/CardTest.php" line="18" assertions="1" time="0.000361"/>
      </testsuite>
      <testsuite name="App\Tests\Card\DeckOfCardsTest" file="/Users/henokberhane/dbwebb-kurser/mvc/me/report/tests/Card/DeckOfCardsTest.php" tests="7" assertions="18" errors="0" warnings="0" failures="0" skipped="0" time="0.019630">
        <testcase name="testCreateDeckOfCardsWithoutGraphics" class="App\Tests\Card\DeckOfCardsTest" classname="App.Tests.Card.DeckOfCardsTest" file="/Users/henokberhane/dbwebb-kurser/mvc/me/report/tests/Card/DeckOfCardsTest.php" line="12" assertions="2" time="0.002230"/>
        <testcase name="testCreateDeckOfCardsWithGraphics" class="App\Tests\Card\DeckOfCardsTest" classname="App.Tests.Card.DeckOfCardsTest" file="/Users/henokberhane/dbwebb-kurser/mvc/me/report/tests/Card/DeckOfCardsTest.php" line="20" assertions="2" time="0.000675"/>
        <testcase name="testShuffle" class="App\Tests\Card\DeckOfCardsTest" classname="App.Tests.Card.DeckOfCardsTest" file="/Users/henokberhane/dbwebb-kurser/mvc/me/report/tests/Card/DeckOfCardsTest.php" line="28" assertions="1" time="0.010552"/>
        <testcase name="testSort" class="App\Tests\Card\DeckOfCardsTest" classname="App.Tests.Card.DeckOfCardsTest" file="/Users/henokberhane/dbwebb-kurser/mvc/me/report/tests/Card/DeckOfCardsTest.php" line="39" assertions="4" time="0.003804"/>
        <testcase name="testDrawCards" class="App\Tests\Card\DeckOfCardsTest" classname="App.Tests.Card.DeckOfCardsTest" file="/Users/henokberhane/dbwebb-kurser/mvc/me/report/tests/Card/DeckOfCardsTest.php" line="52" assertions="3" time="0.000510"/>
        <testcase name="testDrawMoreCardsThanAvailable" class="App\Tests\Card\DeckOfCardsTest" classname="App.Tests.Card.DeckOfCardsTest" file="/Users/henokberhane/dbwebb-kurser/mvc/me/report/tests/Card/DeckOfCardsTest.php" line="62" assertions="3" time="0.001240"/>
        <testcase name="testCardsLeft" class="App\Tests\Card\DeckOfCardsTest" classname="App.Tests.Card.DeckOfCardsTest" file="/Users/henokberhane/dbwebb-kurser/mvc/me/report/tests/Card/DeckOfCardsTest.php" line="74" assertions="3" time="0.000618"/>
      </testsuite>
      <testsuite name="App\Dice\DiceTest" file="/Users/henokberhane/dbwebb-kurser/mvc/me/report/tests/Dice/DiceTest.php" tests="5" assertions="12" errors="0" warnings="0" failures="0" skipped="0" time="0.006468">
        <testcase name="testCreateDice" class="App\Dice\DiceTest" classname="App.Dice.DiceTest" file="/Users/henokberhane/dbwebb-kurser/mvc/me/report/tests/Dice/DiceTest.php" line="16" assertions="2" time="0.000913"/>
        <testcase name="testConstruct" class="App\Dice\DiceTest" classname="App.Dice.DiceTest" file="/Users/henokberhane/dbwebb-kurser/mvc/me/report/tests/Dice/DiceTest.php" line="25" assertions="1" time="0.001323"/>
        <testcase name="testRoll" class="App\Dice\DiceTest" classname="App.Dice.DiceTest" file="/Users/henokberhane/dbwebb-kurser/mvc/me/report/tests/Dice/DiceTest.php" line="31" assertions="6" time="0.002105"/>
        <testcase name="testGetValueBeforeRoll" class="App\Dice\DiceTest" classname="App.Dice.DiceTest" file="/Users/henokberhane/dbwebb-kurser/mvc/me/report/tests/Dice/DiceTest.php" line="41" assertions="1" time="0.000392"/>
        <testcase name="testGetAsString" class="App\Dice\DiceTest" classname="App.Dice.DiceTest" file="/Users/henokberhane/dbwebb-kurser/mvc/me/report/tests/Dice/DiceTest.php" line="47" assertions="2" time="0.001735"/>
      </testsuite>
    </testsuite>
  </testsuite>
</testsuites>
