<?xml version="1.0" encoding="UTF-8"?>
<testsuites>
  <testsuite name="" tests="46" assertions="93" errors="0" warnings="0" failures="0" skipped="0" time="1.296260">
    <testsuite name="Project Test Suite" tests="46" assertions="93" errors="0" warnings="0" failures="0" skipped="0" time="1.296260">
      <testsuite name="App\Tests\Card\CardGraphicTest" file="/Users/henokberhane/dbwebb-kurser/mvc/me/report/tests/Card/CardGraphicTest.php" tests="4" assertions="7" errors="0" warnings="0" failures="0" skipped="0" time="0.010555">
        <testcase name="testCreateCardGraphic" class="App\Tests\Card\CardGraphicTest" classname="App.Tests.Card.CardGraphicTest" file="/Users/henokberhane/dbwebb-kurser/mvc/me/report/tests/Card/CardGraphicTest.php" line="16" assertions="3" time="0.008577"/>
        <testcase name="testGetClass" class="App\Tests\Card\CardGraphicTest" classname="App.Tests.Card.CardGraphicTest" file="/Users/henokberhane/dbwebb-kurser/mvc/me/report/tests/Card/CardGraphicTest.php" line="28" assertions="2" time="0.000746"/>
        <testcase name="testGetGraphic" class="App\Tests\Card\CardGraphicTest" classname="App.Tests.Card.CardGraphicTest" file="/Users/henokberhane/dbwebb-kurser/mvc/me/report/tests/Card/CardGraphicTest.php" line="40" assertions="1" time="0.000632"/>
        <testcase name="testToString" class="App\Tests\Card\CardGraphicTest" classname="App.Tests.Card.CardGraphicTest" file="/Users/henokberhane/dbwebb-kurser/mvc/me/report/tests/Card/CardGraphicTest.php" line="49" assertions="1" time="0.000601"/>
      </testsuite>
      <testsuite name="App\Tests\Card\CardHandTest" file="/Users/henokberhane/dbwebb-kurser/mvc/me/report/tests/Card/CardHandTest.php" tests="6" assertions="6" errors="0" warnings="0" failures="0" skipped="0" time="0.004587">
        <testcase name="testAddCard" class="App\Tests\Card\CardHandTest" classname="App.Tests.Card.CardHandTest" file="/Users/henokberhane/dbwebb-kurser/mvc/me/report/tests/Card/CardHandTest.php" line="11" assertions="1" time="0.001548"/>
        <testcase name="testGetNumberOfCards" class="App\Tests\Card\CardHandTest" classname="App.Tests.Card.CardHandTest" file="/Users/henokberhane/dbwebb-kurser/mvc/me/report/tests/Card/CardHandTest.php" line="19" assertions="1" time="0.000467"/>
        <testcase name="testToString" class="App\Tests\Card\CardHandTest" classname="App.Tests.Card.CardHandTest" file="/Users/henokberhane/dbwebb-kurser/mvc/me/report/tests/Card/CardHandTest.php" line="28" assertions="1" time="0.001123"/>
        <testcase name="testGetSumWithAcesNotElevated" class="App\Tests\Card\CardHandTest" classname="App.Tests.Card.CardHandTest" file="/Users/henokberhane/dbwebb-kurser/mvc/me/report/tests/Card/CardHandTest.php" line="36" assertions="1" time="0.000407"/>
        <testcase name="testGetSumWithNumbers" class="App\Tests\Card\CardHandTest" classname="App.Tests.Card.CardHandTest" file="/Users/henokberhane/dbwebb-kurser/mvc/me/report/tests/Card/CardHandTest.php" line="46" assertions="1" time="0.000554"/>
        <testcase name="testGetSumWithAce" class="App\Tests\Card\CardHandTest" classname="App.Tests.Card.CardHandTest" file="/Users/henokberhane/dbwebb-kurser/mvc/me/report/tests/Card/CardHandTest.php" line="55" assertions="1" time="0.000487"/>
      </testsuite>
      <testsuite name="App\Tests\Card\CardTest" file="/Users/henokberhane/dbwebb-kurser/mvc/me/report/tests/Card/CardTest.php" tests="2" assertions="4" errors="0" warnings="0" failures="0" skipped="0" time="0.000668">
        <testcase name="testCreateCardAndGetters" class="App\Tests\Card\CardTest" classname="App.Tests.Card.CardTest" file="/Users/henokberhane/dbwebb-kurser/mvc/me/report/tests/Card/CardTest.php" line="10" assertions="3" time="0.000354"/>
        <testcase name="testGetAsString" class="App\Tests\Card\CardTest" classname="App.Tests.Card.CardTest" file="/Users/henokberhane/dbwebb-kurser/mvc/me/report/tests/Card/CardTest.php" line="18" assertions="1" time="0.000314"/>
      </testsuite>
      <testsuite name="App\Tests\Card\DeckOfCardsTest" file="/Users/henokberhane/dbwebb-kurser/mvc/me/report/tests/Card/DeckOfCardsTest.php" tests="7" assertions="18" errors="0" warnings="0" failures="0" skipped="0" time="0.017005">
        <testcase name="testCreateDeckOfCardsWithoutGraphics" class="App\Tests\Card\DeckOfCardsTest" classname="App.Tests.Card.DeckOfCardsTest" file="/Users/henokberhane/dbwebb-kurser/mvc/me/report/tests/Card/DeckOfCardsTest.php" line="12" assertions="2" time="0.001667"/>
        <testcase name="testCreateDeckOfCardsWithGraphics" class="App\Tests\Card\DeckOfCardsTest" classname="App.Tests.Card.DeckOfCardsTest" file="/Users/henokberhane/dbwebb-kurser/mvc/me/report/tests/Card/DeckOfCardsTest.php" line="20" assertions="2" time="0.000801"/>
        <testcase name="testShuffle" class="App\Tests\Card\DeckOfCardsTest" classname="App.Tests.Card.DeckOfCardsTest" file="/Users/henokberhane/dbwebb-kurser/mvc/me/report/tests/Card/DeckOfCardsTest.php" line="28" assertions="1" time="0.008018"/>
        <testcase name="testSort" class="App\Tests\Card\DeckOfCardsTest" classname="App.Tests.Card.DeckOfCardsTest" file="/Users/henokberhane/dbwebb-kurser/mvc/me/report/tests/Card/DeckOfCardsTest.php" line="39" assertions="4" time="0.004268"/>
        <testcase name="testDrawCards" class="App\Tests\Card\DeckOfCardsTest" classname="App.Tests.Card.DeckOfCardsTest" file="/Users/henokberhane/dbwebb-kurser/mvc/me/report/tests/Card/DeckOfCardsTest.php" line="52" assertions="3" time="0.000534"/>
        <testcase name="testDrawMoreCardsThanAvailable" class="App\Tests\Card\DeckOfCardsTest" classname="App.Tests.Card.DeckOfCardsTest" file="/Users/henokberhane/dbwebb-kurser/mvc/me/report/tests/Card/DeckOfCardsTest.php" line="62" assertions="3" time="0.001193"/>
        <testcase name="testCardsLeft" class="App\Tests\Card\DeckOfCardsTest" classname="App.Tests.Card.DeckOfCardsTest" file="/Users/henokberhane/dbwebb-kurser/mvc/me/report/tests/Card/DeckOfCardsTest.php" line="74" assertions="3" time="0.000523"/>
      </testsuite>
      <testsuite name="App\Tests\Dice\DiceGraphicTest" file="/Users/henokberhane/dbwebb-kurser/mvc/me/report/tests/Dice/DiceGraphicTest.php" tests="2" assertions="5" errors="0" warnings="0" failures="0" skipped="0" time="0.003951">
        <testcase name="testRollReturnsValueBetween1And6" class="App\Tests\Dice\DiceGraphicTest" classname="App.Tests.Dice.DiceGraphicTest" file="/Users/henokberhane/dbwebb-kurser/mvc/me/report/tests/Dice/DiceGraphicTest.php" line="10" assertions="4" time="0.002492"/>
        <testcase name="testGetAsStringReturnsCorrectSymbolAfterRoll" class="App\Tests\Dice\DiceGraphicTest" classname="App.Tests.Dice.DiceGraphicTest" file="/Users/henokberhane/dbwebb-kurser/mvc/me/report/tests/Dice/DiceGraphicTest.php" line="19" assertions="1" time="0.001459"/>
      </testsuite>
      <testsuite name="App\Tests\Dice\DiceHandTest" file="/Users/henokberhane/dbwebb-kurser/mvc/me/report/tests/Dice/DiceHandTest.php" tests="4" assertions="18" errors="0" warnings="0" failures="0" skipped="0" time="0.002629">
        <testcase name="testAddDiceIncreasesHandSize" class="App\Tests\Dice\DiceHandTest" classname="App.Tests.Dice.DiceHandTest" file="/Users/henokberhane/dbwebb-kurser/mvc/me/report/tests/Dice/DiceHandTest.php" line="11" assertions="3" time="0.000951"/>
        <testcase name="testRollChangesValues" class="App\Tests\Dice\DiceHandTest" classname="App.Tests.Dice.DiceHandTest" file="/Users/henokberhane/dbwebb-kurser/mvc/me/report/tests/Dice/DiceHandTest.php" line="23" assertions="11" time="0.000781"/>
        <testcase name="testGetValuesReturnsCorrectCount" class="App\Tests\Dice\DiceHandTest" classname="App.Tests.Dice.DiceHandTest" file="/Users/henokberhane/dbwebb-kurser/mvc/me/report/tests/Dice/DiceHandTest.php" line="42" assertions="1" time="0.000404"/>
        <testcase name="testGetStringReturnsStrings" class="App\Tests\Dice\DiceHandTest" classname="App.Tests.Dice.DiceHandTest" file="/Users/henokberhane/dbwebb-kurser/mvc/me/report/tests/Dice/DiceHandTest.php" line="54" assertions="3" time="0.000493"/>
      </testsuite>
      <testsuite name="App\Tests\Dice\DiceTest" file="/Users/henokberhane/dbwebb-kurser/mvc/me/report/tests/Dice/DiceTest.php" tests="4" assertions="8" errors="0" warnings="0" failures="0" skipped="0" time="0.003145">
        <testcase name="testDiceStartsWithNullValue" class="App\Tests\Dice\DiceTest" classname="App.Tests.Dice.DiceTest" file="/Users/henokberhane/dbwebb-kurser/mvc/me/report/tests/Dice/DiceTest.php" line="10" assertions="1" time="0.001018"/>
        <testcase name="testRollReturnsValueBetween1And6" class="App\Tests\Dice\DiceTest" classname="App.Tests.Dice.DiceTest" file="/Users/henokberhane/dbwebb-kurser/mvc/me/report/tests/Dice/DiceTest.php" line="16" assertions="4" time="0.000578"/>
        <testcase name="testGetValueAfterRoll" class="App\Tests\Dice\DiceTest" classname="App.Tests.Dice.DiceTest" file="/Users/henokberhane/dbwebb-kurser/mvc/me/report/tests/Dice/DiceTest.php" line="24" assertions="1" time="0.000989"/>
        <testcase name="testGetAsStringBeforeAndAfterRoll" class="App\Tests\Dice\DiceTest" classname="App.Tests.Dice.DiceTest" file="/Users/henokberhane/dbwebb-kurser/mvc/me/report/tests/Dice/DiceTest.php" line="31" assertions="2" time="0.000559"/>
      </testsuite>
      <testsuite name="App\Tests\Game\GameProjTest" file="/Users/henokberhane/dbwebb-kurser/mvc/me/report/tests/Proj/GameProjTest.php" tests="9" assertions="10" errors="0" warnings="0" failures="0" skipped="0" time="0.036332">
        <testcase name="testStartGameSetsSessionCorrectly" class="App\Tests\Game\GameProjTest" classname="App.Tests.Game.GameProjTest" file="/Users/henokberhane/dbwebb-kurser/mvc/me/report/tests/Proj/GameProjTest.php" line="13" assertions="1" time="0.023651"/>
        <testcase name="testDrawReturnsMessageIfGameNotStarted" class="App\Tests\Game\GameProjTest" classname="App.Tests.Game.GameProjTest" file="/Users/henokberhane/dbwebb-kurser/mvc/me/report/tests/Proj/GameProjTest.php" line="25" assertions="1" time="0.001910"/>
        <testcase name="testDrawReturnsMessageIfNoCardsLeft" class="App\Tests\Game\GameProjTest" classname="App.Tests.Game.GameProjTest" file="/Users/henokberhane/dbwebb-kurser/mvc/me/report/tests/Proj/GameProjTest.php" line="43" assertions="2" time="0.002292"/>
        <testcase name="testDrawBustsHandAndAdvancesHandAndTriggersBankPlay" class="App\Tests\Game\GameProjTest" classname="App.Tests.Game.GameProjTest" file="/Users/henokberhane/dbwebb-kurser/mvc/me/report/tests/Proj/GameProjTest.php" line="71" assertions="1" time="0.002816"/>
        <testcase name="testDrawReturnsEmptyStringIfNoBust" class="App\Tests\Game\GameProjTest" classname="App.Tests.Game.GameProjTest" file="/Users/henokberhane/dbwebb-kurser/mvc/me/report/tests/Proj/GameProjTest.php" line="103" assertions="1" time="0.001094"/>
        <testcase name="testStayReturnsErrorIfGameNotStarted" class="App\Tests\Game\GameProjTest" classname="App.Tests.Game.GameProjTest" file="/Users/henokberhane/dbwebb-kurser/mvc/me/report/tests/Proj/GameProjTest.php" line="131" assertions="1" time="0.000576"/>
        <testcase name="testStayAdvancesHandAndTriggersBankPlayWhenLastHand" class="App\Tests\Game\GameProjTest" classname="App.Tests.Game.GameProjTest" file="/Users/henokberhane/dbwebb-kurser/mvc/me/report/tests/Proj/GameProjTest.php" line="146" assertions="1" time="0.001111"/>
        <testcase name="testBankPlayStopsAt17OrMore" class="App\Tests\Game\GameProjTest" classname="App.Tests.Game.GameProjTest" file="/Users/henokberhane/dbwebb-kurser/mvc/me/report/tests/Proj/GameProjTest.php" line="173" assertions="1" time="0.001980"/>
        <testcase name="testEvaluateResultsUpdatesScoresAndBalance" class="App\Tests\Game\GameProjTest" classname="App.Tests.Game.GameProjTest" file="/Users/henokberhane/dbwebb-kurser/mvc/me/report/tests/Proj/GameProjTest.php" line="213" assertions="1" time="0.000903"/>
      </testsuite>
      <testsuite name="App\Tests\Controller\ProjControllerTest" file="/Users/henokberhane/dbwebb-kurser/mvc/me/report/tests/Proj/ProjControllerTest.php" tests="8" assertions="17" errors="0" warnings="0" failures="0" skipped="0" time="1.217388">
        <testcase name="testIndexRouteLoads" class="App\Tests\Controller\ProjControllerTest" classname="App.Tests.Controller.ProjControllerTest" file="/Users/henokberhane/dbwebb-kurser/mvc/me/report/tests/Proj/ProjControllerTest.php" line="23" assertions="2" time="1.059566"/>
        <testcase name="testAboutRouteLoads" class="App\Tests\Controller\ProjControllerTest" classname="App.Tests.Controller.ProjControllerTest" file="/Users/henokberhane/dbwebb-kurser/mvc/me/report/tests/Proj/ProjControllerTest.php" line="32" assertions="3" time="0.022233"/>
        <testcase name="testInvalidStartFormRedirectsBack" class="App\Tests\Controller\ProjControllerTest" classname="App.Tests.Controller.ProjControllerTest" file="/Users/henokberhane/dbwebb-kurser/mvc/me/report/tests/Proj/ProjControllerTest.php" line="41" assertions="2" time="0.023506"/>
        <testcase name="testValidStartFormRedirectsToChooseHands" class="App\Tests\Controller\ProjControllerTest" classname="App.Tests.Controller.ProjControllerTest" file="/Users/henokberhane/dbwebb-kurser/mvc/me/report/tests/Proj/ProjControllerTest.php" line="52" assertions="2" time="0.021685"/>
        <testcase name="testChooseHandsRouteLoads" class="App\Tests\Controller\ProjControllerTest" classname="App.Tests.Controller.ProjControllerTest" file="/Users/henokberhane/dbwebb-kurser/mvc/me/report/tests/Proj/ProjControllerTest.php" line="63" assertions="2" time="0.039208"/>
        <testcase name="testSetHandsRejectsInvalidInput" class="App\Tests\Controller\ProjControllerTest" classname="App.Tests.Controller.ProjControllerTest" file="/Users/henokberhane/dbwebb-kurser/mvc/me/report/tests/Proj/ProjControllerTest.php" line="73" assertions="2" time="0.017457"/>
        <testcase name="testSetHandsAcceptsValidInput" class="App\Tests\Controller\ProjControllerTest" classname="App.Tests.Controller.ProjControllerTest" file="/Users/henokberhane/dbwebb-kurser/mvc/me/report/tests/Proj/ProjControllerTest.php" line="81" assertions="2" time="0.018113"/>
        <testcase name="testResetClearsSession" class="App\Tests\Controller\ProjControllerTest" classname="App.Tests.Controller.ProjControllerTest" file="/Users/henokberhane/dbwebb-kurser/mvc/me/report/tests/Proj/ProjControllerTest.php" line="90" assertions="2" time="0.015620"/>
      </testsuite>
    </testsuite>
  </testsuite>
</testsuites>
