<?xml version="1.0" encoding="UTF-8"?>
<testsuites>
  <testsuite name="" tests="38" assertions="76" errors="0" warnings="0" failures="0" skipped="0" time="0.084200">
    <testsuite name="Project Test Suite" tests="38" assertions="76" errors="0" warnings="0" failures="0" skipped="0" time="0.084200">
      <testsuite name="App\Tests\Card\CardGraphicTest" file="/Users/henokberhane/dbwebb-kurser/mvc/me/report/tests/Card/CardGraphicTest.php" tests="4" assertions="7" errors="0" warnings="0" failures="0" skipped="0" time="0.011531">
        <testcase name="testCreateCardGraphic" class="App\Tests\Card\CardGraphicTest" classname="App.Tests.Card.CardGraphicTest" file="/Users/henokberhane/dbwebb-kurser/mvc/me/report/tests/Card/CardGraphicTest.php" line="16" assertions="3" time="0.010118"/>
        <testcase name="testGetClass" class="App\Tests\Card\CardGraphicTest" classname="App.Tests.Card.CardGraphicTest" file="/Users/henokberhane/dbwebb-kurser/mvc/me/report/tests/Card/CardGraphicTest.php" line="28" assertions="2" time="0.000469"/>
        <testcase name="testGetGraphic" class="App\Tests\Card\CardGraphicTest" classname="App.Tests.Card.CardGraphicTest" file="/Users/henokberhane/dbwebb-kurser/mvc/me/report/tests/Card/CardGraphicTest.php" line="40" assertions="1" time="0.000439"/>
        <testcase name="testToString" class="App\Tests\Card\CardGraphicTest" classname="App.Tests.Card.CardGraphicTest" file="/Users/henokberhane/dbwebb-kurser/mvc/me/report/tests/Card/CardGraphicTest.php" line="49" assertions="1" time="0.000505"/>
      </testsuite>
      <testsuite name="App\Tests\Card\CardHandTest" file="/Users/henokberhane/dbwebb-kurser/mvc/me/report/tests/Card/CardHandTest.php" tests="6" assertions="6" errors="0" warnings="0" failures="0" skipped="0" time="0.003962">
        <testcase name="testAddCard" class="App\Tests\Card\CardHandTest" classname="App.Tests.Card.CardHandTest" file="/Users/henokberhane/dbwebb-kurser/mvc/me/report/tests/Card/CardHandTest.php" line="11" assertions="1" time="0.000982"/>
        <testcase name="testGetNumberOfCards" class="App\Tests\Card\CardHandTest" classname="App.Tests.Card.CardHandTest" file="/Users/henokberhane/dbwebb-kurser/mvc/me/report/tests/Card/CardHandTest.php" line="19" assertions="1" time="0.000440"/>
        <testcase name="testToString" class="App\Tests\Card\CardHandTest" classname="App.Tests.Card.CardHandTest" file="/Users/henokberhane/dbwebb-kurser/mvc/me/report/tests/Card/CardHandTest.php" line="28" assertions="1" time="0.001004"/>
        <testcase name="testGetSumWithAcesNotElevated" class="App\Tests\Card\CardHandTest" classname="App.Tests.Card.CardHandTest" file="/Users/henokberhane/dbwebb-kurser/mvc/me/report/tests/Card/CardHandTest.php" line="36" assertions="1" time="0.000418"/>
        <testcase name="testGetSumWithNumbers" class="App\Tests\Card\CardHandTest" classname="App.Tests.Card.CardHandTest" file="/Users/henokberhane/dbwebb-kurser/mvc/me/report/tests/Card/CardHandTest.php" line="46" assertions="1" time="0.000371"/>
        <testcase name="testGetSumWithAce" class="App\Tests\Card\CardHandTest" classname="App.Tests.Card.CardHandTest" file="/Users/henokberhane/dbwebb-kurser/mvc/me/report/tests/Card/CardHandTest.php" line="55" assertions="1" time="0.000746"/>
      </testsuite>
      <testsuite name="App\Tests\Card\CardTest" file="/Users/henokberhane/dbwebb-kurser/mvc/me/report/tests/Card/CardTest.php" tests="2" assertions="4" errors="0" warnings="0" failures="0" skipped="0" time="0.000803">
        <testcase name="testCreateCardAndGetters" class="App\Tests\Card\CardTest" classname="App.Tests.Card.CardTest" file="/Users/henokberhane/dbwebb-kurser/mvc/me/report/tests/Card/CardTest.php" line="10" assertions="3" time="0.000418"/>
        <testcase name="testGetAsString" class="App\Tests\Card\CardTest" classname="App.Tests.Card.CardTest" file="/Users/henokberhane/dbwebb-kurser/mvc/me/report/tests/Card/CardTest.php" line="18" assertions="1" time="0.000384"/>
      </testsuite>
      <testsuite name="App\Tests\Card\DeckOfCardsTest" file="/Users/henokberhane/dbwebb-kurser/mvc/me/report/tests/Card/DeckOfCardsTest.php" tests="7" assertions="18" errors="0" warnings="0" failures="0" skipped="0" time="0.021131">
        <testcase name="testCreateDeckOfCardsWithoutGraphics" class="App\Tests\Card\DeckOfCardsTest" classname="App.Tests.Card.DeckOfCardsTest" file="/Users/henokberhane/dbwebb-kurser/mvc/me/report/tests/Card/DeckOfCardsTest.php" line="12" assertions="2" time="0.001969"/>
        <testcase name="testCreateDeckOfCardsWithGraphics" class="App\Tests\Card\DeckOfCardsTest" classname="App.Tests.Card.DeckOfCardsTest" file="/Users/henokberhane/dbwebb-kurser/mvc/me/report/tests/Card/DeckOfCardsTest.php" line="20" assertions="2" time="0.000691"/>
        <testcase name="testShuffle" class="App\Tests\Card\DeckOfCardsTest" classname="App.Tests.Card.DeckOfCardsTest" file="/Users/henokberhane/dbwebb-kurser/mvc/me/report/tests/Card/DeckOfCardsTest.php" line="28" assertions="1" time="0.009027"/>
        <testcase name="testSort" class="App\Tests\Card\DeckOfCardsTest" classname="App.Tests.Card.DeckOfCardsTest" file="/Users/henokberhane/dbwebb-kurser/mvc/me/report/tests/Card/DeckOfCardsTest.php" line="39" assertions="4" time="0.006954"/>
        <testcase name="testDrawCards" class="App\Tests\Card\DeckOfCardsTest" classname="App.Tests.Card.DeckOfCardsTest" file="/Users/henokberhane/dbwebb-kurser/mvc/me/report/tests/Card/DeckOfCardsTest.php" line="52" assertions="3" time="0.000532"/>
        <testcase name="testDrawMoreCardsThanAvailable" class="App\Tests\Card\DeckOfCardsTest" classname="App.Tests.Card.DeckOfCardsTest" file="/Users/henokberhane/dbwebb-kurser/mvc/me/report/tests/Card/DeckOfCardsTest.php" line="62" assertions="3" time="0.001242"/>
        <testcase name="testCardsLeft" class="App\Tests\Card\DeckOfCardsTest" classname="App.Tests.Card.DeckOfCardsTest" file="/Users/henokberhane/dbwebb-kurser/mvc/me/report/tests/Card/DeckOfCardsTest.php" line="74" assertions="3" time="0.000715"/>
      </testsuite>
      <testsuite name="App\Tests\Dice\DiceGraphicTest" file="/Users/henokberhane/dbwebb-kurser/mvc/me/report/tests/Dice/DiceGraphicTest.php" tests="2" assertions="5" errors="0" warnings="0" failures="0" skipped="0" time="0.004640">
        <testcase name="testRollReturnsValueBetween1And6" class="App\Tests\Dice\DiceGraphicTest" classname="App.Tests.Dice.DiceGraphicTest" file="/Users/henokberhane/dbwebb-kurser/mvc/me/report/tests/Dice/DiceGraphicTest.php" line="10" assertions="4" time="0.003006"/>
        <testcase name="testGetAsStringReturnsCorrectSymbolAfterRoll" class="App\Tests\Dice\DiceGraphicTest" classname="App.Tests.Dice.DiceGraphicTest" file="/Users/henokberhane/dbwebb-kurser/mvc/me/report/tests/Dice/DiceGraphicTest.php" line="19" assertions="1" time="0.001633"/>
      </testsuite>
      <testsuite name="App\Tests\Dice\DiceHandTest" file="/Users/henokberhane/dbwebb-kurser/mvc/me/report/tests/Dice/DiceHandTest.php" tests="4" assertions="18" errors="0" warnings="0" failures="0" skipped="0" time="0.003201">
        <testcase name="testAddDiceIncreasesHandSize" class="App\Tests\Dice\DiceHandTest" classname="App.Tests.Dice.DiceHandTest" file="/Users/henokberhane/dbwebb-kurser/mvc/me/report/tests/Dice/DiceHandTest.php" line="11" assertions="3" time="0.001040"/>
        <testcase name="testRollChangesValues" class="App\Tests\Dice\DiceHandTest" classname="App.Tests.Dice.DiceHandTest" file="/Users/henokberhane/dbwebb-kurser/mvc/me/report/tests/Dice/DiceHandTest.php" line="23" assertions="11" time="0.001011"/>
        <testcase name="testGetValuesReturnsCorrectCount" class="App\Tests\Dice\DiceHandTest" classname="App.Tests.Dice.DiceHandTest" file="/Users/henokberhane/dbwebb-kurser/mvc/me/report/tests/Dice/DiceHandTest.php" line="42" assertions="1" time="0.000673"/>
        <testcase name="testGetStringReturnsStrings" class="App\Tests\Dice\DiceHandTest" classname="App.Tests.Dice.DiceHandTest" file="/Users/henokberhane/dbwebb-kurser/mvc/me/report/tests/Dice/DiceHandTest.php" line="54" assertions="3" time="0.000476"/>
      </testsuite>
      <testsuite name="App\Tests\Dice\DiceTest" file="/Users/henokberhane/dbwebb-kurser/mvc/me/report/tests/Dice/DiceTest.php" tests="4" assertions="8" errors="0" warnings="0" failures="0" skipped="0" time="0.002723">
        <testcase name="testDiceStartsWithNullValue" class="App\Tests\Dice\DiceTest" classname="App.Tests.Dice.DiceTest" file="/Users/henokberhane/dbwebb-kurser/mvc/me/report/tests/Dice/DiceTest.php" line="10" assertions="1" time="0.000849"/>
        <testcase name="testRollReturnsValueBetween1And6" class="App\Tests\Dice\DiceTest" classname="App.Tests.Dice.DiceTest" file="/Users/henokberhane/dbwebb-kurser/mvc/me/report/tests/Dice/DiceTest.php" line="16" assertions="4" time="0.000523"/>
        <testcase name="testGetValueAfterRoll" class="App\Tests\Dice\DiceTest" classname="App.Tests.Dice.DiceTest" file="/Users/henokberhane/dbwebb-kurser/mvc/me/report/tests/Dice/DiceTest.php" line="24" assertions="1" time="0.000981"/>
        <testcase name="testGetAsStringBeforeAndAfterRoll" class="App\Tests\Dice\DiceTest" classname="App.Tests.Dice.DiceTest" file="/Users/henokberhane/dbwebb-kurser/mvc/me/report/tests/Dice/DiceTest.php" line="31" assertions="2" time="0.000369"/>
      </testsuite>
      <testsuite name="App\Tests\Game\GameProjTest" file="/Users/henokberhane/dbwebb-kurser/mvc/me/report/tests/Proj/GameProjTest.php" tests="9" assertions="10" errors="0" warnings="0" failures="0" skipped="0" time="0.036210">
        <testcase name="testStartGameSetsSessionCorrectly" class="App\Tests\Game\GameProjTest" classname="App.Tests.Game.GameProjTest" file="/Users/henokberhane/dbwebb-kurser/mvc/me/report/tests/Proj/GameProjTest.php" line="13" assertions="1" time="0.024105"/>
        <testcase name="testDrawReturnsMessageIfGameNotStarted" class="App\Tests\Game\GameProjTest" classname="App.Tests.Game.GameProjTest" file="/Users/henokberhane/dbwebb-kurser/mvc/me/report/tests/Proj/GameProjTest.php" line="25" assertions="1" time="0.001774"/>
        <testcase name="testDrawReturnsMessageIfNoCardsLeft" class="App\Tests\Game\GameProjTest" classname="App.Tests.Game.GameProjTest" file="/Users/henokberhane/dbwebb-kurser/mvc/me/report/tests/Proj/GameProjTest.php" line="43" assertions="2" time="0.002169"/>
        <testcase name="testDrawBustsHandAndAdvancesHandAndTriggersBankPlay" class="App\Tests\Game\GameProjTest" classname="App.Tests.Game.GameProjTest" file="/Users/henokberhane/dbwebb-kurser/mvc/me/report/tests/Proj/GameProjTest.php" line="71" assertions="1" time="0.002772"/>
        <testcase name="testDrawReturnsEmptyStringIfNoBust" class="App\Tests\Game\GameProjTest" classname="App.Tests.Game.GameProjTest" file="/Users/henokberhane/dbwebb-kurser/mvc/me/report/tests/Proj/GameProjTest.php" line="103" assertions="1" time="0.001051"/>
        <testcase name="testStayReturnsErrorIfGameNotStarted" class="App\Tests\Game\GameProjTest" classname="App.Tests.Game.GameProjTest" file="/Users/henokberhane/dbwebb-kurser/mvc/me/report/tests/Proj/GameProjTest.php" line="131" assertions="1" time="0.000546"/>
        <testcase name="testStayAdvancesHandAndTriggersBankPlayWhenLastHand" class="App\Tests\Game\GameProjTest" classname="App.Tests.Game.GameProjTest" file="/Users/henokberhane/dbwebb-kurser/mvc/me/report/tests/Proj/GameProjTest.php" line="146" assertions="1" time="0.001089"/>
        <testcase name="testBankPlayStopsAt17OrMore" class="App\Tests\Game\GameProjTest" classname="App.Tests.Game.GameProjTest" file="/Users/henokberhane/dbwebb-kurser/mvc/me/report/tests/Proj/GameProjTest.php" line="173" assertions="1" time="0.001823"/>
        <testcase name="testEvaluateResultsUpdatesScoresAndBalance" class="App\Tests\Game\GameProjTest" classname="App.Tests.Game.GameProjTest" file="/Users/henokberhane/dbwebb-kurser/mvc/me/report/tests/Proj/GameProjTest.php" line="213" assertions="1" time="0.000882"/>
      </testsuite>
    </testsuite>
  </testsuite>
</testsuites>
