<?xml version="1.0" encoding="UTF-8"?>
<testsuites>
  <testsuite name="" tests="41" assertions="89" errors="0" warnings="0" failures="0" skipped="0" time="0.164690">
    <testsuite name="Project Test Suite" tests="41" assertions="89" errors="0" warnings="0" failures="0" skipped="0" time="0.164690">
      <testsuite name="App\Tests\Card\CardGraphicTest" file="/Users/henokberhane/dbwebb-kurser/mvc/me/report/tests/Card/CardGraphicTest.php" tests="4" assertions="10" errors="0" warnings="0" failures="0" skipped="0" time="0.039360">
        <testcase name="testGetClassRed" class="App\Tests\Card\CardGraphicTest" classname="App.Tests.Card.CardGraphicTest" file="/Users/henokberhane/dbwebb-kurser/mvc/me/report/tests/Card/CardGraphicTest.php" line="10" assertions="2" time="0.037331"/>
        <testcase name="testGetClassBlack" class="App\Tests\Card\CardGraphicTest" classname="App.Tests.Card.CardGraphicTest" file="/Users/henokberhane/dbwebb-kurser/mvc/me/report/tests/Card/CardGraphicTest.php" line="19" assertions="2" time="0.000759"/>
        <testcase name="testGetGraphic" class="App\Tests\Card\CardGraphicTest" classname="App.Tests.Card.CardGraphicTest" file="/Users/henokberhane/dbwebb-kurser/mvc/me/report/tests/Card/CardGraphicTest.php" line="28" assertions="3" time="0.000698"/>
        <testcase name="testToString" class="App\Tests\Card\CardGraphicTest" classname="App.Tests.Card.CardGraphicTest" file="/Users/henokberhane/dbwebb-kurser/mvc/me/report/tests/Card/CardGraphicTest.php" line="40" assertions="3" time="0.000573"/>
      </testsuite>
      <testsuite name="App\Tests\Card\CardHandTest" file="/Users/henokberhane/dbwebb-kurser/mvc/me/report/tests/Card/CardHandTest.php" tests="7" assertions="7" errors="0" warnings="0" failures="0" skipped="0" time="0.007704">
        <testcase name="testAddCard" class="App\Tests\Card\CardHandTest" classname="App.Tests.Card.CardHandTest" file="/Users/henokberhane/dbwebb-kurser/mvc/me/report/tests/Card/CardHandTest.php" line="11" assertions="1" time="0.002263"/>
        <testcase name="testGetNumberOfCards" class="App\Tests\Card\CardHandTest" classname="App.Tests.Card.CardHandTest" file="/Users/henokberhane/dbwebb-kurser/mvc/me/report/tests/Card/CardHandTest.php" line="19" assertions="1" time="0.000592"/>
        <testcase name="testToString" class="App\Tests\Card\CardHandTest" classname="App.Tests.Card.CardHandTest" file="/Users/henokberhane/dbwebb-kurser/mvc/me/report/tests/Card/CardHandTest.php" line="28" assertions="1" time="0.002183"/>
        <testcase name="testGetSumWithAcesNotElevated" class="App\Tests\Card\CardHandTest" classname="App.Tests.Card.CardHandTest" file="/Users/henokberhane/dbwebb-kurser/mvc/me/report/tests/Card/CardHandTest.php" line="36" assertions="1" time="0.001015"/>
        <testcase name="testGetSumWithNumbers" class="App\Tests\Card\CardHandTest" classname="App.Tests.Card.CardHandTest" file="/Users/henokberhane/dbwebb-kurser/mvc/me/report/tests/Card/CardHandTest.php" line="46" assertions="1" time="0.000579"/>
        <testcase name="testGetSumWithAce" class="App\Tests\Card\CardHandTest" classname="App.Tests.Card.CardHandTest" file="/Users/henokberhane/dbwebb-kurser/mvc/me/report/tests/Card/CardHandTest.php" line="55" assertions="1" time="0.000492"/>
        <testcase name="testGetSumWithMultipleAces" class="App\Tests\Card\CardHandTest" classname="App.Tests.Card.CardHandTest" file="/Users/henokberhane/dbwebb-kurser/mvc/me/report/tests/Card/CardHandTest.php" line="64" assertions="1" time="0.000580"/>
      </testsuite>
      <testsuite name="App\Tests\Card\CardTest" file="/Users/henokberhane/dbwebb-kurser/mvc/me/report/tests/Card/CardTest.php" tests="2" assertions="4" errors="0" warnings="0" failures="0" skipped="0" time="0.002336">
        <testcase name="testCreateCardAndGetters" class="App\Tests\Card\CardTest" classname="App.Tests.Card.CardTest" file="/Users/henokberhane/dbwebb-kurser/mvc/me/report/tests/Card/CardTest.php" line="10" assertions="3" time="0.001853"/>
        <testcase name="testGetAsString" class="App\Tests\Card\CardTest" classname="App.Tests.Card.CardTest" file="/Users/henokberhane/dbwebb-kurser/mvc/me/report/tests/Card/CardTest.php" line="18" assertions="1" time="0.000483"/>
      </testsuite>
      <testsuite name="App\Tests\Card\DeckOfCardsTest" file="/Users/henokberhane/dbwebb-kurser/mvc/me/report/tests/Card/DeckOfCardsTest.php" tests="7" assertions="18" errors="0" warnings="0" failures="0" skipped="0" time="0.021350">
        <testcase name="testCreateDeckOfCardsWithoutGraphics" class="App\Tests\Card\DeckOfCardsTest" classname="App.Tests.Card.DeckOfCardsTest" file="/Users/henokberhane/dbwebb-kurser/mvc/me/report/tests/Card/DeckOfCardsTest.php" line="12" assertions="2" time="0.002772"/>
        <testcase name="testCreateDeckOfCardsWithGraphics" class="App\Tests\Card\DeckOfCardsTest" classname="App.Tests.Card.DeckOfCardsTest" file="/Users/henokberhane/dbwebb-kurser/mvc/me/report/tests/Card/DeckOfCardsTest.php" line="20" assertions="2" time="0.000683"/>
        <testcase name="testShuffle" class="App\Tests\Card\DeckOfCardsTest" classname="App.Tests.Card.DeckOfCardsTest" file="/Users/henokberhane/dbwebb-kurser/mvc/me/report/tests/Card/DeckOfCardsTest.php" line="28" assertions="1" time="0.011224"/>
        <testcase name="testSort" class="App\Tests\Card\DeckOfCardsTest" classname="App.Tests.Card.DeckOfCardsTest" file="/Users/henokberhane/dbwebb-kurser/mvc/me/report/tests/Card/DeckOfCardsTest.php" line="39" assertions="4" time="0.003528"/>
        <testcase name="testDrawCards" class="App\Tests\Card\DeckOfCardsTest" classname="App.Tests.Card.DeckOfCardsTest" file="/Users/henokberhane/dbwebb-kurser/mvc/me/report/tests/Card/DeckOfCardsTest.php" line="51" assertions="3" time="0.000510"/>
        <testcase name="testDrawMoreCardsThanAvailable" class="App\Tests\Card\DeckOfCardsTest" classname="App.Tests.Card.DeckOfCardsTest" file="/Users/henokberhane/dbwebb-kurser/mvc/me/report/tests/Card/DeckOfCardsTest.php" line="61" assertions="3" time="0.002020"/>
        <testcase name="testCardsLeft" class="App\Tests\Card\DeckOfCardsTest" classname="App.Tests.Card.DeckOfCardsTest" file="/Users/henokberhane/dbwebb-kurser/mvc/me/report/tests/Card/DeckOfCardsTest.php" line="73" assertions="3" time="0.000613"/>
      </testsuite>
      <testsuite name="App\Tests\Dice\DiceGraphicTest" file="/Users/henokberhane/dbwebb-kurser/mvc/me/report/tests/Dice/DiceGraphicTest.php" tests="2" assertions="5" errors="0" warnings="0" failures="0" skipped="0" time="0.010413">
        <testcase name="testRollReturnsValueBetween1And6" class="App\Tests\Dice\DiceGraphicTest" classname="App.Tests.Dice.DiceGraphicTest" file="/Users/henokberhane/dbwebb-kurser/mvc/me/report/tests/Dice/DiceGraphicTest.php" line="10" assertions="4" time="0.007728"/>
        <testcase name="testGetAsStringReturnsCorrectSymbolAfterRoll" class="App\Tests\Dice\DiceGraphicTest" classname="App.Tests.Dice.DiceGraphicTest" file="/Users/henokberhane/dbwebb-kurser/mvc/me/report/tests/Dice/DiceGraphicTest.php" line="19" assertions="1" time="0.002685"/>
      </testsuite>
      <testsuite name="App\Tests\Dice\DiceHandTest" file="/Users/henokberhane/dbwebb-kurser/mvc/me/report/tests/Dice/DiceHandTest.php" tests="4" assertions="18" errors="0" warnings="0" failures="0" skipped="0" time="0.003189">
        <testcase name="testAddDiceIncreasesHandSize" class="App\Tests\Dice\DiceHandTest" classname="App.Tests.Dice.DiceHandTest" file="/Users/henokberhane/dbwebb-kurser/mvc/me/report/tests/Dice/DiceHandTest.php" line="11" assertions="3" time="0.001680"/>
        <testcase name="testRollChangesValues" class="App\Tests\Dice\DiceHandTest" classname="App.Tests.Dice.DiceHandTest" file="/Users/henokberhane/dbwebb-kurser/mvc/me/report/tests/Dice/DiceHandTest.php" line="23" assertions="11" time="0.000725"/>
        <testcase name="testGetValuesReturnsCorrectCount" class="App\Tests\Dice\DiceHandTest" classname="App.Tests.Dice.DiceHandTest" file="/Users/henokberhane/dbwebb-kurser/mvc/me/report/tests/Dice/DiceHandTest.php" line="42" assertions="1" time="0.000385"/>
        <testcase name="testGetStringReturnsStrings" class="App\Tests\Dice\DiceHandTest" classname="App.Tests.Dice.DiceHandTest" file="/Users/henokberhane/dbwebb-kurser/mvc/me/report/tests/Dice/DiceHandTest.php" line="54" assertions="3" time="0.000399"/>
      </testsuite>
      <testsuite name="App\Tests\Dice\DiceTest" file="/Users/henokberhane/dbwebb-kurser/mvc/me/report/tests/Dice/DiceTest.php" tests="4" assertions="8" errors="0" warnings="0" failures="0" skipped="0" time="0.004639">
        <testcase name="testDiceStartsWithNullValue" class="App\Tests\Dice\DiceTest" classname="App.Tests.Dice.DiceTest" file="/Users/henokberhane/dbwebb-kurser/mvc/me/report/tests/Dice/DiceTest.php" line="10" assertions="1" time="0.001215"/>
        <testcase name="testRollReturnsValueBetween1And6" class="App\Tests\Dice\DiceTest" classname="App.Tests.Dice.DiceTest" file="/Users/henokberhane/dbwebb-kurser/mvc/me/report/tests/Dice/DiceTest.php" line="16" assertions="4" time="0.000607"/>
        <testcase name="testGetValueAfterRoll" class="App\Tests\Dice\DiceTest" classname="App.Tests.Dice.DiceTest" file="/Users/henokberhane/dbwebb-kurser/mvc/me/report/tests/Dice/DiceTest.php" line="24" assertions="1" time="0.002352"/>
        <testcase name="testGetAsStringBeforeAndAfterRoll" class="App\Tests\Dice\DiceTest" classname="App.Tests.Dice.DiceTest" file="/Users/henokberhane/dbwebb-kurser/mvc/me/report/tests/Dice/DiceTest.php" line="31" assertions="2" time="0.000465"/>
      </testsuite>
      <testsuite name="App\Tests\Game\GameProjTest" file="/Users/henokberhane/dbwebb-kurser/mvc/me/report/tests/Proj/GameProjTest.php" tests="11" assertions="19" errors="0" warnings="0" failures="0" skipped="0" time="0.075700">
        <testcase name="testStartGameSetsSessionCorrectly" class="App\Tests\Game\GameProjTest" classname="App.Tests.Game.GameProjTest" file="/Users/henokberhane/dbwebb-kurser/mvc/me/report/tests/Proj/GameProjTest.php" line="13" assertions="1" time="0.047960"/>
        <testcase name="testDrawReturnsMessageIfGameNotStarted" class="App\Tests\Game\GameProjTest" classname="App.Tests.Game.GameProjTest" file="/Users/henokberhane/dbwebb-kurser/mvc/me/report/tests/Proj/GameProjTest.php" line="25" assertions="1" time="0.004656"/>
        <testcase name="testDrawReturnsMessageIfNoCardsLeft" class="App\Tests\Game\GameProjTest" classname="App.Tests.Game.GameProjTest" file="/Users/henokberhane/dbwebb-kurser/mvc/me/report/tests/Proj/GameProjTest.php" line="43" assertions="2" time="0.003864"/>
        <testcase name="testDrawBustsHandAndAdvancesHandAndTriggersBankPlay" class="App\Tests\Game\GameProjTest" classname="App.Tests.Game.GameProjTest" file="/Users/henokberhane/dbwebb-kurser/mvc/me/report/tests/Proj/GameProjTest.php" line="71" assertions="1" time="0.005471"/>
        <testcase name="testDrawReturnsEmptyStringIfNoBust" class="App\Tests\Game\GameProjTest" classname="App.Tests.Game.GameProjTest" file="/Users/henokberhane/dbwebb-kurser/mvc/me/report/tests/Proj/GameProjTest.php" line="103" assertions="1" time="0.001656"/>
        <testcase name="testStayReturnsErrorIfGameNotStarted" class="App\Tests\Game\GameProjTest" classname="App.Tests.Game.GameProjTest" file="/Users/henokberhane/dbwebb-kurser/mvc/me/report/tests/Proj/GameProjTest.php" line="132" assertions="1" time="0.001156"/>
        <testcase name="testStayAdvancesHandAndTriggersBankPlayWhenLastHand" class="App\Tests\Game\GameProjTest" classname="App.Tests.Game.GameProjTest" file="/Users/henokberhane/dbwebb-kurser/mvc/me/report/tests/Proj/GameProjTest.php" line="147" assertions="1" time="0.001203"/>
        <testcase name="testBankPlayStopsAt17OrMore" class="App\Tests\Game\GameProjTest" classname="App.Tests.Game.GameProjTest" file="/Users/henokberhane/dbwebb-kurser/mvc/me/report/tests/Proj/GameProjTest.php" line="174" assertions="5" time="0.006012"/>
        <testcase name="testEvaluateResultsUpdatesScoresAndBalance" class="App\Tests\Game\GameProjTest" classname="App.Tests.Game.GameProjTest" file="/Users/henokberhane/dbwebb-kurser/mvc/me/report/tests/Proj/GameProjTest.php" line="235" assertions="4" time="0.000828"/>
        <testcase name="testBankPlayReturnsIfDeckOrBankIsNull" class="App\Tests\Game\GameProjTest" classname="App.Tests.Game.GameProjTest" file="/Users/henokberhane/dbwebb-kurser/mvc/me/report/tests/Proj/GameProjTest.php" line="266" assertions="1" time="0.001767"/>
        <testcase name="testBankPlayBreaksIfDeckDrawReturnsEmpty" class="App\Tests\Game\GameProjTest" classname="App.Tests.Game.GameProjTest" file="/Users/henokberhane/dbwebb-kurser/mvc/me/report/tests/Proj/GameProjTest.php" line="287" assertions="1" time="0.001127"/>
      </testsuite>
    </testsuite>
  </testsuite>
</testsuites>
