<?xml version="1.0" encoding="UTF-8"?>
<testsuites>
  <testsuite name="" tests="19" assertions="35" errors="0" warnings="0" failures="0" skipped="0" time="0.062889">
    <testsuite name="Project Test Suite" tests="19" assertions="35" errors="0" warnings="0" failures="0" skipped="0" time="0.062889">
      <testsuite name="App\Tests\Card\CardGraphicTest" file="/Users/henokberhane/dbwebb-kurser/mvc/me/report/tests/Card/CardGraphicTest.php" tests="4" assertions="7" errors="0" warnings="0" failures="0" skipped="0" time="0.028694">
        <testcase name="testCreateCardGraphic" class="App\Tests\Card\CardGraphicTest" classname="App.Tests.Card.CardGraphicTest" file="/Users/henokberhane/dbwebb-kurser/mvc/me/report/tests/Card/CardGraphicTest.php" line="16" assertions="3" time="0.026201"/>
        <testcase name="testGetClass" class="App\Tests\Card\CardGraphicTest" classname="App.Tests.Card.CardGraphicTest" file="/Users/henokberhane/dbwebb-kurser/mvc/me/report/tests/Card/CardGraphicTest.php" line="28" assertions="2" time="0.000720"/>
        <testcase name="testGetGraphic" class="App\Tests\Card\CardGraphicTest" classname="App.Tests.Card.CardGraphicTest" file="/Users/henokberhane/dbwebb-kurser/mvc/me/report/tests/Card/CardGraphicTest.php" line="40" assertions="1" time="0.001118"/>
        <testcase name="testToString" class="App\Tests\Card\CardGraphicTest" classname="App.Tests.Card.CardGraphicTest" file="/Users/henokberhane/dbwebb-kurser/mvc/me/report/tests/Card/CardGraphicTest.php" line="49" assertions="1" time="0.000655"/>
      </testsuite>
      <testsuite name="App\Tests\Card\CardHandTest" file="/Users/henokberhane/dbwebb-kurser/mvc/me/report/tests/Card/CardHandTest.php" tests="6" assertions="6" errors="0" warnings="0" failures="0" skipped="0" time="0.007777">
        <testcase name="testAddCard" class="App\Tests\Card\CardHandTest" classname="App.Tests.Card.CardHandTest" file="/Users/henokberhane/dbwebb-kurser/mvc/me/report/tests/Card/CardHandTest.php" line="11" assertions="1" time="0.002465"/>
        <testcase name="testGetNumberOfCards" class="App\Tests\Card\CardHandTest" classname="App.Tests.Card.CardHandTest" file="/Users/henokberhane/dbwebb-kurser/mvc/me/report/tests/Card/CardHandTest.php" line="19" assertions="1" time="0.001174"/>
        <testcase name="testToString" class="App\Tests\Card\CardHandTest" classname="App.Tests.Card.CardHandTest" file="/Users/henokberhane/dbwebb-kurser/mvc/me/report/tests/Card/CardHandTest.php" line="28" assertions="1" time="0.002177"/>
        <testcase name="testGetSumWithAcesNotElevated" class="App\Tests\Card\CardHandTest" classname="App.Tests.Card.CardHandTest" file="/Users/henokberhane/dbwebb-kurser/mvc/me/report/tests/Card/CardHandTest.php" line="36" assertions="1" time="0.000553"/>
        <testcase name="testGetSumWithNumbers" class="App\Tests\Card\CardHandTest" classname="App.Tests.Card.CardHandTest" file="/Users/henokberhane/dbwebb-kurser/mvc/me/report/tests/Card/CardHandTest.php" line="46" assertions="1" time="0.000804"/>
        <testcase name="testGetSumWithAce" class="App\Tests\Card\CardHandTest" classname="App.Tests.Card.CardHandTest" file="/Users/henokberhane/dbwebb-kurser/mvc/me/report/tests/Card/CardHandTest.php" line="55" assertions="1" time="0.000605"/>
      </testsuite>
      <testsuite name="App\Tests\Card\CardTest" file="/Users/henokberhane/dbwebb-kurser/mvc/me/report/tests/Card/CardTest.php" tests="2" assertions="4" errors="0" warnings="0" failures="0" skipped="0" time="0.001090">
        <testcase name="testCreateCardAndGetters" class="App\Tests\Card\CardTest" classname="App.Tests.Card.CardTest" file="/Users/henokberhane/dbwebb-kurser/mvc/me/report/tests/Card/CardTest.php" line="10" assertions="3" time="0.000653"/>
        <testcase name="testGetAsString" class="App\Tests\Card\CardTest" classname="App.Tests.Card.CardTest" file="/Users/henokberhane/dbwebb-kurser/mvc/me/report/tests/Card/CardTest.php" line="18" assertions="1" time="0.000437"/>
      </testsuite>
      <testsuite name="App\Tests\Card\DeckOfCardsTest" file="/Users/henokberhane/dbwebb-kurser/mvc/me/report/tests/Card/DeckOfCardsTest.php" tests="7" assertions="18" errors="0" warnings="0" failures="0" skipped="0" time="0.025328">
        <testcase name="testCreateDeckOfCardsWithoutGraphics" class="App\Tests\Card\DeckOfCardsTest" classname="App.Tests.Card.DeckOfCardsTest" file="/Users/henokberhane/dbwebb-kurser/mvc/me/report/tests/Card/DeckOfCardsTest.php" line="12" assertions="2" time="0.004118"/>
        <testcase name="testCreateDeckOfCardsWithGraphics" class="App\Tests\Card\DeckOfCardsTest" classname="App.Tests.Card.DeckOfCardsTest" file="/Users/henokberhane/dbwebb-kurser/mvc/me/report/tests/Card/DeckOfCardsTest.php" line="20" assertions="2" time="0.001085"/>
        <testcase name="testShuffle" class="App\Tests\Card\DeckOfCardsTest" classname="App.Tests.Card.DeckOfCardsTest" file="/Users/henokberhane/dbwebb-kurser/mvc/me/report/tests/Card/DeckOfCardsTest.php" line="28" assertions="1" time="0.012421"/>
        <testcase name="testSort" class="App\Tests\Card\DeckOfCardsTest" classname="App.Tests.Card.DeckOfCardsTest" file="/Users/henokberhane/dbwebb-kurser/mvc/me/report/tests/Card/DeckOfCardsTest.php" line="39" assertions="4" time="0.004124"/>
        <testcase name="testDrawCards" class="App\Tests\Card\DeckOfCardsTest" classname="App.Tests.Card.DeckOfCardsTest" file="/Users/henokberhane/dbwebb-kurser/mvc/me/report/tests/Card/DeckOfCardsTest.php" line="52" assertions="3" time="0.000552"/>
        <testcase name="testDrawMoreCardsThanAvailable" class="App\Tests\Card\DeckOfCardsTest" classname="App.Tests.Card.DeckOfCardsTest" file="/Users/henokberhane/dbwebb-kurser/mvc/me/report/tests/Card/DeckOfCardsTest.php" line="62" assertions="3" time="0.002433"/>
        <testcase name="testCardsLeft" class="App\Tests\Card\DeckOfCardsTest" classname="App.Tests.Card.DeckOfCardsTest" file="/Users/henokberhane/dbwebb-kurser/mvc/me/report/tests/Card/DeckOfCardsTest.php" line="74" assertions="3" time="0.000594"/>
      </testsuite>
    </testsuite>
  </testsuite>
</testsuites>
